<?xml version="1.0" encoding="UTF-8"?>
<testsuite xmlns:xsi="http://www.w3.org/2001/XMLSchema-instance" xsi:noNamespaceSchemaLocation="https://maven.apache.org/surefire/maven-surefire-plugin/xsd/surefire-test-report-3.0.xsd" version="3.0" name="com.open.rewrite.utility.OpenrewritepreprocessutlityApplicationTests" time="6.286" tests="1" errors="0" skipped="0" failures="0">
  <properties>
[...]
</properties>
  <testcase name="contextLoads" classname="com.open.rewrite.utility.OpenrewritepreprocessutlityApplicationTests" time="1.725">
    <system-out><![CDATA[12:09:08.971 [main] INFO org.springframework.test.context.support.AnnotationConfigContextLoaderUtils -- Could not detect default configuration classes for test class [com.open.rewrite.utility.OpenrewritepreprocessutlityApplicationTests]: OpenrewritepreprocessutlityApplicationTests does not declare any static, non-private, non-final, nested classes annotated with @Configuration.
12:09:09.122 [main] INFO org.springframework.boot.test.context.SpringBootTestContextBootstrapper -- Found @SpringBootConfiguration com.open.rewrite.utility.OpenrewritepreprocessutlityApplication for test class com.open.rewrite.utility.OpenrewritepreprocessutlityApplicationTests
  .   ____          _            __ _ _
 /\\ / ___'_ __ _ _(_)_ __  __ _ \ \ \ \
( ( )\___ | '_ | '_| | '_ \/ _` | \ \ \ \
 \\/  ___)| |_)| | | | | || (_| |  ) ) ) )
  '  |____| .__|_| |_|_| |_\__, | / / / /
 =========|_|==============|___/=/_/_/_/

 :: Spring Boot ::                (v3.3.0)

2024-06-03T12:09:10.077+05:00  INFO 20376 --- [pre-process-openrewriteutility] [           main] nrewritepreprocessutlityApplicationTests : Starting OpenrewritepreprocessutlityApplicationTests using Java 17.0.8.1 with PID 20376 (started by HP in C:\ReQriteWS\openrewritepreprocessutlity)
2024-06-03T12:09:10.082+05:00  INFO 20376 --- [pre-process-openrewriteutility] [           main] nrewritepreprocessutlityApplicationTests : No active profile set, falling back to 1 default profile: "default"
2024-06-03T12:09:13.121+05:00  INFO 20376 --- [pre-process-openrewriteutility] [           main] nrewritepreprocessutlityApplicationTests : Started OpenrewritepreprocessutlityApplicationTests in 3.74 seconds (process running for 5.374)
2024-06-03T12:09:13.155+05:00  INFO 20376 --- [pre-process-openrewriteutility] [           main] c.o.rewrite.utility.helper.FileReader    : process initited count 0 true - illara-infobip-integration
2024-06-03T12:09:13.205+05:00  INFO 20376 --- [pre-process-openrewriteutility] [           main] c.o.rewrite.utility.helper.FileReader    : exitValue 128
2024-06-03T12:09:13.208+05:00  INFO 20376 --- [pre-process-openrewriteutility] [           main] c.o.rewrite.utility.helper.FileReader    : process initited count 1 true - illara-infobip-integration - Copy
2024-06-03T12:09:13.260+05:00  INFO 20376 --- [pre-process-openrewriteutility] [           main] c.o.rewrite.utility.helper.FileReader    : exitValue 128
]]></system-out>
  </testcase>
</testsuite>